<?xml version="1.0" encoding="UTF-8"?>
<!-- Generated by org.testng.reporters.JUnitXMLReporter -->
<testsuite ignored="0" hostname="Kumbuu" failures="0" tests="6" name="Test" time="0.115" errors="0" timestamp="2024-09-11T15:47:22 IST">
  <testcase classname="org.pack.Arun" name="bike" time="0.013"/>
  <testcase classname="org.pack.Arun" name="car" time="0.002"/>
  <testcase classname="org.pack.Arun" name="bus" time="0.003"/>
  <testcase classname="org.pack.Arun2" name="Cycle" time="0.003"/>
  <testcase classname="org.pack.Arun2" name="Heavy" time="0.001"/>
  <testcase classname="org.pack.Arun2" name="Laptop" time="0.002"/>
</testsuite> <!-- Test -->
