<?xml version="1.0" encoding="UTF-8"?>
<testng-results ignored="0" total="6" passed="6" failed="0" skipped="0">
  <reporter-output>
  </reporter-output>
  <suite started-at="2024-09-11T15:47:22 IST" name="Suite" finished-at="2024-09-11T15:47:22 IST" duration-ms="115">
    <groups>
    </groups>
    <test started-at="2024-09-11T15:47:22 IST" name="Test" finished-at="2024-09-11T15:47:22 IST" duration-ms="115">
      <class name="org.pack.Arun2">
        <test-method signature="Cycle()[pri:-4, instance:org.pack.Arun2@54c5a2ff]" started-at="2024-09-11T15:47:22 IST" name="Cycle" finished-at="2024-09-11T15:47:22 IST" duration-ms="3" status="PASS">
          <reporter-output>
          </reporter-output>
        </test-method> <!-- Cycle -->
        <test-method signature="Heavy()[pri:-3, instance:org.pack.Arun2@54c5a2ff]" started-at="2024-09-11T15:47:22 IST" name="Heavy" finished-at="2024-09-11T15:47:22 IST" duration-ms="1" status="PASS">
          <reporter-output>
          </reporter-output>
        </test-method> <!-- Heavy -->
        <test-method signature="Laptop()[pri:-3, instance:org.pack.Arun2@54c5a2ff]" started-at="2024-09-11T15:47:22 IST" name="Laptop" finished-at="2024-09-11T15:47:22 IST" duration-ms="2" status="PASS">
          <reporter-output>
          </reporter-output>
        </test-method> <!-- Laptop -->
      </class> <!-- org.pack.Arun2 -->
      <class name="org.pack.Arun">
        <test-method signature="bike()[pri:-8, instance:org.pack.Arun@4b741d6d]" started-at="2024-09-11T15:47:22 IST" name="bike" finished-at="2024-09-11T15:47:22 IST" duration-ms="13" status="PASS">
          <reporter-output>
          </reporter-output>
        </test-method> <!-- bike -->
        <test-method signature="car()[pri:-7, instance:org.pack.Arun@4b741d6d]" started-at="2024-09-11T15:47:22 IST" name="car" finished-at="2024-09-11T15:47:22 IST" duration-ms="2" status="PASS">
          <reporter-output>
          </reporter-output>
        </test-method> <!-- car -->
        <test-method signature="bus()[pri:-6, instance:org.pack.Arun@4b741d6d]" started-at="2024-09-11T15:47:22 IST" name="bus" finished-at="2024-09-11T15:47:22 IST" duration-ms="3" status="PASS">
          <reporter-output>
          </reporter-output>
        </test-method> <!-- bus -->
      </class> <!-- org.pack.Arun -->
    </test> <!-- Test -->
  </suite> <!-- Suite -->
</testng-results>
